  main.cpp
c:\users\mateusz\desktop\gkom-gl\gkom-gl\opengl_project\generator.hpp(152): warning C4244: "argument": konwersja z "unsigned int" do "GLfloat", możliwa utrata danych
c:\users\mateusz\desktop\gkom-gl\gkom-gl\opengl_project\generator.hpp(160): warning C4244: "argument": konwersja z "unsigned int" do "GLfloat", możliwa utrata danych
c:\users\mateusz\desktop\gkom-gl\gkom-gl\opengl_project\generator.hpp(171): warning C4244: "argument": konwersja z "unsigned int" do "GLfloat", możliwa utrata danych
c:\users\mateusz\desktop\gkom-gl\gkom-gl\opengl_project\generator.hpp(180): warning C4244: "argument": konwersja z "unsigned int" do "GLfloat", możliwa utrata danych
c:\users\mateusz\desktop\gkom-gl\gkom-gl\opengl_project\main.cpp(131): warning C4305: "argument": obcięcie z "double" do "GLfloat"
c:\users\mateusz\desktop\gkom-gl\gkom-gl\opengl_project\main.cpp(142): warning C4305: "argument": obcięcie z "double" do "GLfloat"
c:\users\mateusz\desktop\gkom-gl\gkom-gl\opengl_project\main.cpp(144): warning C4305: "argument": obcięcie z "double" do "GLfloat"
c:\users\mateusz\desktop\gkom-gl\gkom-gl\opengl_project\main.cpp(146): warning C4305: "argument": obcięcie z "double" do "GLfloat"
c:\users\mateusz\desktop\gkom-gl\gkom-gl\opengl_project\main.cpp(148): warning C4305: "argument": obcięcie z "double" do "GLfloat"
c:\users\mateusz\desktop\gkom-gl\gkom-gl\opengl_project\main.cpp(150): warning C4305: "argument": obcięcie z "double" do "GLfloat"
c:\users\mateusz\desktop\gkom-gl\gkom-gl\opengl_project\main.cpp(165): warning C4305: "argument": obcięcie z "double" do "GLfloat"
c:\users\mateusz\desktop\gkom-gl\gkom-gl\opengl_project\main.cpp(175): warning C4305: "argument": obcięcie z "double" do "GLfloat"
c:\users\mateusz\desktop\gkom-gl\gkom-gl\opengl_project\main.cpp(177): warning C4305: "argument": obcięcie z "double" do "GLfloat"
c:\users\mateusz\desktop\gkom-gl\gkom-gl\opengl_project\main.cpp(179): warning C4305: "argument": obcięcie z "double" do "GLfloat"
c:\users\mateusz\desktop\gkom-gl\gkom-gl\opengl_project\main.cpp(181): warning C4305: "argument": obcięcie z "double" do "GLfloat"
c:\users\mateusz\desktop\gkom-gl\gkom-gl\opengl_project\main.cpp(183): warning C4305: "argument": obcięcie z "double" do "GLfloat"
c:\users\mateusz\desktop\gkom-gl\gkom-gl\opengl_project\main.cpp(195): warning C4305: "argument": obcięcie z "double" do "GLfloat"
c:\users\mateusz\desktop\gkom-gl\gkom-gl\opengl_project\main.cpp(197): warning C4305: "argument": obcięcie z "double" do "GLfloat"
c:\users\mateusz\desktop\gkom-gl\gkom-gl\opengl_project\main.cpp(201): warning C4305: "argument": obcięcie z "double" do "GLfloat"
c:\users\mateusz\desktop\gkom-gl\gkom-gl\opengl_project\main.cpp(209): warning C4305: "argument": obcięcie z "double" do "GLfloat"
c:\users\mateusz\desktop\gkom-gl\gkom-gl\opengl_project\main.cpp(212): warning C4305: "argument": obcięcie z "double" do "GLfloat"
c:\users\mateusz\desktop\gkom-gl\gkom-gl\opengl_project\main.cpp(215): warning C4305: "argument": obcięcie z "double" do "GLfloat"
  soil.lib(SOIL.obj) : znaleziono moduł .netmodule MSIL lub moduł skompilowany z opcją /GL; konsolidowanie zostanie rozpoczęte ponownie z opcją /LTCG; dodaj opcję /LTCG do wiersza polecenia konsolidacji w celu podwyższenia wydajności konsolidatora
LINK : warning LNK4075: zignorowano opcjŕ ä/INCREMENTALö z powodu okreťlenia opcji ä/LTCGö
  Trwa generowanie kodu
  Zako˝czono generowanie kodu
  OpenGL_project.vcxproj -> C:\Users\Mateusz\Desktop\gkom-gl\gkom-gl\Debug\OpenGL_project.exe
  OpenGL_project.vcxproj -> C:\Users\Mateusz\Desktop\gkom-gl\gkom-gl\Debug\OpenGL_project.pdb (Partial PDB)
